# JRE version: OpenJDK Runtime Environment Corretto-11.0.23.9.1 (11.0.23+9) (build 11.0.23+9-LTS)
# Java VM: OpenJDK 64-Bit Server VM Corretto-11.0.23.9.1 (11.0.23+9-LTS, mixed mode, tiered, compressed oops, g1 gc, windows-amd64)
Heap:
 garbage-first heap   total 381952K, used 326025K [0x0000000081400000, 0x0000000100000000)
  region size 1024K, 10 young (10240K), 3 survivors (3072K)
 Metaspace       used 33062K, capacity 34373K, committed 34560K, reserved 1079296K
  class space    used 4043K, capacity 4594K, committed 4608K, reserved 1048576K
GC Heap History (20 events):
Event: 4.472 GC heap before
{Heap before GC invocations=7 (full 0):
 garbage-first heap   total 381952K, used 283168K [0x0000000081400000, 0x0000000100000000)
  region size 1024K, 21 young (21504K), 1 survivors (1024K)
 Metaspace       used 24071K, capacity 24898K, committed 25216K, reserved 1071104K
  class space    used 3037K, capacity 3391K, committed 3456K, reserved 1048576K
}
Event: 4.475 GC heap after
{Heap after GC invocations=8 (full 0):
 garbage-first heap   total 381952K, used 266127K [0x0000000081400000, 0x0000000100000000)
  region size 1024K, 2 young (2048K), 2 survivors (2048K)
 Metaspace       used 24071K, capacity 24898K, committed 25216K, reserved 1071104K
  class space    used 3037K, capacity 3391K, committed 3456K, reserved 1048576K
}
Event: 13.215 GC heap before
{Heap before GC invocations=9 (full 0):
 garbage-first heap   total 381952K, used 283535K [0x0000000081400000, 0x0000000100000000)
  region size 1024K, 18 young (18432K), 2 survivors (2048K)
 Metaspace       used 28823K, capacity 29721K, committed 29824K, reserved 1075200K
  class space    used 3490K, capacity 3899K, committed 3968K, reserved 1048576K
}
Event: 13.221 GC heap after
{Heap after GC invocations=10 (full 0):
 garbage-first heap   total 381952K, used 270586K [0x0000000081400000, 0x0000000100000000)
  region size 1024K, 4 young (4096K), 4 survivors (4096K)
 Metaspace       used 28823K, capacity 29721K, committed 29824K, reserved 1075200K
  class space    used 3490K, capacity 3899K, committed 3968K, reserved 1048576K
}
Event: 13.268 GC heap before
{Heap before GC invocations=11 (full 0):
 garbage-first heap   total 381952K, used 272634K [0x0000000081400000, 0x0000000100000000)
  region size 1024K, 5 young (5120K), 4 survivors (4096K)
 Metaspace       used 28883K, capacity 29794K, committed 30080K, reserved 1075200K
  class space    used 3515K, capacity 3902K, committed 3968K, reserved 1048576K
}
Event: 13.274 GC heap after
{Heap after GC invocations=12 (full 0):
 garbage-first heap   total 381952K, used 272939K [0x0000000081400000, 0x0000000100000000)
  region size 1024K, 3 young (3072K), 3 survivors (3072K)
 Metaspace       used 28883K, capacity 29794K, committed 30080K, reserved 1075200K
  class space    used 3515K, capacity 3902K, committed 3968K, reserved 1048576K
}
Event: 13.350 GC heap before
{Heap before GC invocations=13 (full 0):
 garbage-first heap   total 381952K, used 277035K [0x0000000081400000, 0x0000000100000000)
  region size 1024K, 6 young (6144K), 3 survivors (3072K)
 Metaspace       used 29363K, capacity 30343K, committed 30464K, reserved 1075200K
  class space    used 3605K, capacity 4021K, committed 4096K, reserved 1048576K
}
Event: 13.353 GC heap after
{Heap after GC invocations=14 (full 0):
 garbage-first heap   total 381952K, used 275059K [0x0000000081400000, 0x0000000100000000)
  region size 1024K, 3 young (3072K), 3 survivors (3072K)
 Metaspace       used 29363K, capacity 30343K, committed 30464K, reserved 1075200K
  class space    used 3605K, capacity 4021K, committed 4096K, reserved 1048576K
}
Event: 13.423 GC heap before
{Heap before GC invocations=15 (full 0):
 garbage-first heap   total 381952K, used 282227K [0x0000000081400000, 0x0000000100000000)
  region size 1024K, 5 young (5120K), 3 survivors (3072K)
 Metaspace       used 29556K, capacity 30533K, committed 30720K, reserved 1075200K
  class space    used 3643K, capacity 4059K, committed 4096K, reserved 1048576K
}
Event: 13.428 GC heap after
{Heap after GC invocations=16 (full 0):
 garbage-first heap   total 381952K, used 281499K [0x0000000081400000, 0x0000000100000000)
  region size 1024K, 1 young (1024K), 1 survivors (1024K)
 Metaspace       used 29556K, capacity 30533K, committed 30720K, reserved 1075200K
  class space    used 3643K, capacity 4059K, committed 4096K, reserved 1048576K
}
Event: 13.485 GC heap before
{Heap before GC invocations=17 (full 0):
 garbage-first heap   total 381952K, used 289691K [0x0000000081400000, 0x0000000100000000)
  region size 1024K, 2 young (2048K), 1 survivors (1024K)
 Metaspace       used 29616K, capacity 30610K, committed 30720K, reserved 1075200K
  class space    used 3644K, capacity 4061K, committed 4096K, reserved 1048576K
}
Event: 13.487 GC heap after
{Heap after GC invocations=18 (full 0):
 garbage-first heap   total 381952K, used 289578K [0x0000000081400000, 0x0000000100000000)
  region size 1024K, 1 young (1024K), 1 survivors (1024K)
 Metaspace       used 29616K, capacity 30610K, committed 30720K, reserved 1075200K
  class space    used 3644K, capacity 4061K, committed 4096K, reserved 1048576K
}
Event: 13.560 GC heap before
{Heap before GC invocations=19 (full 0):
 garbage-first heap   total 381952K, used 295722K [0x0000000081400000, 0x0000000100000000)
  region size 1024K, 2 young (2048K), 1 survivors (1024K)
 Metaspace       used 29666K, capacity 30657K, committed 30720K, reserved 1075200K
  class space    used 3648K, capacity 4068K, committed 4096K, reserved 1048576K
}
Event: 13.562 GC heap after
{Heap after GC invocations=20 (full 0):
 garbage-first heap   total 381952K, used 295704K [0x0000000081400000, 0x0000000100000000)
  region size 1024K, 1 young (1024K), 1 survivors (1024K)
 Metaspace       used 29666K, capacity 30657K, committed 30720K, reserved 1075200K
  class space    used 3648K, capacity 4068K, committed 4096K, reserved 1048576K
}
Event: 13.615 GC heap before
{Heap before GC invocations=21 (full 0):
 garbage-first heap   total 381952K, used 303896K [0x0000000081400000, 0x0000000100000000)
  region size 1024K, 2 young (2048K), 1 survivors (1024K)
 Metaspace       used 29736K, capacity 30746K, committed 30976K, reserved 1077248K
  class space    used 3650K, capacity 4072K, committed 4096K, reserved 1048576K
}
Event: 13.617 GC heap after
{Heap after GC invocations=22 (full 0):
 garbage-first heap   total 381952K, used 303958K [0x0000000081400000, 0x0000000100000000)
  region size 1024K, 1 young (1024K), 1 survivors (1024K)
 Metaspace       used 29736K, capacity 30746K, committed 30976K, reserved 1077248K
  class space    used 3650K, capacity 4072K, committed 4096K, reserved 1048576K
}
Event: 14.052 GC heap before
{Heap before GC invocations=23 (full 0):
 garbage-first heap   total 381952K, used 331606K [0x0000000081400000, 0x0000000100000000)
  region size 1024K, 18 young (18432K), 1 survivors (1024K)
 Metaspace       used 31642K, capacity 32928K, committed 33280K, reserved 1077248K
  class space    used 3962K, capacity 4482K, committed 4608K, reserved 1048576K
}
Event: 14.060 GC heap after
{Heap after GC invocations=24 (full 0):
 garbage-first heap   total 381952K, used 316291K [0x0000000081400000, 0x0000000100000000)
  region size 1024K, 3 young (3072K), 3 survivors (3072K)
 Metaspace       used 31642K, capacity 32928K, committed 33280K, reserved 1077248K
  class space    used 3962K, capacity 4482K, committed 4608K, reserved 1048576K
}
Event: 14.465 GC heap before
{Heap before GC invocations=24 (full 0):
 garbage-first heap   total 381952K, used 331651K [0x0000000081400000, 0x0000000100000000)
  region size 1024K, 18 young (18432K), 3 survivors (3072K)
 Metaspace       used 32155K, capacity 33470K, committed 33792K, reserved 1079296K
  class space    used 3982K, capacity 4531K, committed 4608K, reserved 1048576K
}
Event: 14.479 GC heap after
{Heap after GC invocations=25 (full 0):
 garbage-first heap   total 381952K, used 319881K [0x0000000081400000, 0x0000000100000000)
  region size 1024K, 3 young (3072K), 3 survivors (3072K)
 Metaspace       used 32155K, capacity 33470K, committed 33792K, reserved 1079296K
  class space    used 3982K, capacity 4531K, committed 4608K, reserved 1048576K
}

