# JRE version: OpenJDK Runtime Environment Corretto-11.0.23.9.1 (11.0.23+9) (build 11.0.23+9-LTS)
# Java VM: OpenJDK 64-Bit Server VM Corretto-11.0.23.9.1 (11.0.23+9-LTS, mixed mode, tiered, compressed oops, g1 gc, windows-amd64)
Heap:
 garbage-first heap   total 131072K, used 92160K [0x0000000081400000, 0x0000000100000000)
  region size 1024K, 19 young (19456K), 5 survivors (5120K)
 Metaspace       used 33477K, capacity 34839K, committed 34992K, reserved 1079296K
  class space    used 4045K, capacity 4603K, committed 4608K, reserved 1048576K
GC Heap History (10 events):
Event: 0.544 GC heap before
{Heap before GC invocations=0 (full 0):
 garbage-first heap   total 131072K, used 13312K [0x0000000081400000, 0x0000000100000000)
  region size 1024K, 14 young (14336K), 0 survivors (0K)
 Metaspace       used 7841K, capacity 7990K, committed 8192K, reserved 1056768K
  class space    used 709K, capacity 767K, committed 768K, reserved 1048576K
}
Event: 0.547 GC heap after
{Heap after GC invocations=1 (full 0):
 garbage-first heap   total 131072K, used 1867K [0x0000000081400000, 0x0000000100000000)
  region size 1024K, 2 young (2048K), 2 survivors (2048K)
 Metaspace       used 7841K, capacity 7990K, committed 8192K, reserved 1056768K
  class space    used 709K, capacity 767K, committed 768K, reserved 1048576K
}
Event: 1.775 GC heap before
{Heap before GC invocations=1 (full 0):
 garbage-first heap   total 131072K, used 41803K [0x0000000081400000, 0x0000000100000000)
  region size 1024K, 43 young (44032K), 2 survivors (2048K)
 Metaspace       used 20565K, capacity 21152K, committed 21296K, reserved 1069056K
  class space    used 2405K, capacity 2637K, committed 2688K, reserved 1048576K
}
Event: 1.792 GC heap after
{Heap after GC invocations=2 (full 0):
 garbage-first heap   total 131072K, used 7923K [0x0000000081400000, 0x0000000100000000)
  region size 1024K, 8 young (8192K), 8 survivors (8192K)
 Metaspace       used 20565K, capacity 21152K, committed 21296K, reserved 1069056K
  class space    used 2405K, capacity 2637K, committed 2688K, reserved 1048576K
}
Event: 18.452 GC heap before
{Heap before GC invocations=3 (full 0):
 garbage-first heap   total 131072K, used 70387K [0x0000000081400000, 0x0000000100000000)
  region size 1024K, 52 young (53248K), 8 survivors (8192K)
 Metaspace       used 30964K, capacity 32127K, committed 32176K, reserved 1077248K
  class space    used 3826K, capacity 4321K, committed 4352K, reserved 1048576K
}
Event: 18.471 GC heap after
{Heap after GC invocations=4 (full 0):
 garbage-first heap   total 131072K, used 32553K [0x0000000081400000, 0x0000000100000000)
  region size 1024K, 7 young (7168K), 7 survivors (7168K)
 Metaspace       used 30964K, capacity 32127K, committed 32176K, reserved 1077248K
  class space    used 3826K, capacity 4321K, committed 4352K, reserved 1048576K
}
Event: 32.245 GC heap before
{Heap before GC invocations=4 (full 0):
 garbage-first heap   total 131072K, used 74537K [0x0000000081400000, 0x0000000100000000)
  region size 1024K, 17 young (17408K), 7 survivors (7168K)
 Metaspace       used 31897K, capacity 33091K, committed 33328K, reserved 1079296K
  class space    used 3904K, capacity 4408K, committed 4480K, reserved 1048576K
}
Event: 32.259 GC heap after
{Heap after GC invocations=5 (full 0):
 garbage-first heap   total 131072K, used 66938K [0x0000000081400000, 0x0000000100000000)
  region size 1024K, 2 young (2048K), 2 survivors (2048K)
 Metaspace       used 31897K, capacity 33091K, committed 33328K, reserved 1079296K
  class space    used 3904K, capacity 4408K, committed 4480K, reserved 1048576K
}
Event: 38.313 GC heap before
{Heap before GC invocations=6 (full 0):
 garbage-first heap   total 131072K, used 107898K [0x0000000081400000, 0x0000000100000000)
  region size 1024K, 36 young (36864K), 2 survivors (2048K)
 Metaspace       used 33256K, capacity 34618K, committed 34736K, reserved 1079296K
  class space    used 4036K, capacity 4593K, committed 4608K, reserved 1048576K
}
Event: 38.331 GC heap after
{Heap after GC invocations=7 (full 0):
 garbage-first heap   total 131072K, used 78848K [0x0000000081400000, 0x0000000100000000)
  region size 1024K, 5 young (5120K), 5 survivors (5120K)
 Metaspace       used 33256K, capacity 34618K, committed 34736K, reserved 1079296K
  class space    used 4036K, capacity 4593K, committed 4608K, reserved 1048576K
}

