# JRE version: OpenJDK Runtime Environment Corretto-11.0.23.9.1 (11.0.23+9) (build 11.0.23+9-LTS)
# Java VM: OpenJDK 64-Bit Server VM Corretto-11.0.23.9.1 (11.0.23+9-LTS, mixed mode, tiered, compressed oops, g1 gc, windows-amd64)
Heap:
 garbage-first heap   total 131072K, used 81997K [0x0000000081400000, 0x0000000100000000)
  region size 1024K, 34 young (34816K), 6 survivors (6144K)
 Metaspace       used 32889K, capacity 34188K, committed 34224K, reserved 1079296K
  class space    used 4035K, capacity 4590K, committed 4608K, reserved 1048576K
GC Heap History (6 events):
Event: 0.808 GC heap before
{Heap before GC invocations=0 (full 0):
 garbage-first heap   total 131072K, used 14336K [0x0000000081400000, 0x0000000100000000)
  region size 1024K, 14 young (14336K), 0 survivors (0K)
 Metaspace       used 7764K, capacity 7910K, committed 7936K, reserved 1056768K
  class space    used 702K, capacity 767K, committed 768K, reserved 1048576K
}
Event: 0.812 GC heap after
{Heap after GC invocations=1 (full 0):
 garbage-first heap   total 131072K, used 1863K [0x0000000081400000, 0x0000000100000000)
  region size 1024K, 2 young (2048K), 2 survivors (2048K)
 Metaspace       used 7764K, capacity 7910K, committed 7936K, reserved 1056768K
  class space    used 702K, capacity 767K, committed 768K, reserved 1048576K
}
Event: 2.462 GC heap before
{Heap before GC invocations=1 (full 0):
 garbage-first heap   total 131072K, used 41799K [0x0000000081400000, 0x0000000100000000)
  region size 1024K, 43 young (44032K), 2 survivors (2048K)
 Metaspace       used 20563K, capacity 21136K, committed 21296K, reserved 1069056K
  class space    used 2408K, capacity 2637K, committed 2688K, reserved 1048576K
}
Event: 2.482 GC heap after
{Heap after GC invocations=2 (full 0):
 garbage-first heap   total 131072K, used 7985K [0x0000000081400000, 0x0000000100000000)
  region size 1024K, 8 young (8192K), 8 survivors (8192K)
 Metaspace       used 20563K, capacity 21136K, committed 21296K, reserved 1069056K
  class space    used 2408K, capacity 2637K, committed 2688K, reserved 1048576K
}
Event: 13.387 GC heap before
{Heap before GC invocations=3 (full 0):
 garbage-first heap   total 131072K, used 90929K [0x0000000081400000, 0x0000000100000000)
  region size 1024K, 50 young (51200K), 8 survivors (8192K)
 Metaspace       used 31301K, capacity 32577K, committed 32816K, reserved 1077248K
  class space    used 3927K, capacity 4443K, committed 4480K, reserved 1048576K
}
Event: 13.410 GC heap after
{Heap after GC invocations=4 (full 0):
 garbage-first heap   total 131072K, used 54349K [0x0000000081400000, 0x0000000100000000)
  region size 1024K, 6 young (6144K), 6 survivors (6144K)
 Metaspace       used 31301K, capacity 32577K, committed 32816K, reserved 1077248K
  class space    used 3927K, capacity 4443K, committed 4480K, reserved 1048576K
}

