# JRE version: OpenJDK Runtime Environment Corretto-11.0.23.9.1 (11.0.23+9) (build 11.0.23+9-LTS)
# Java VM: OpenJDK 64-Bit Server VM Corretto-11.0.23.9.1 (11.0.23+9-LTS, mixed mode, tiered, compressed oops, g1 gc, windows-amd64)
Heap:
 garbage-first heap   total 381952K, used 338941K [0x0000000081400000, 0x0000000100000000)
  region size 1024K, 4 young (4096K), 3 survivors (3072K)
 Metaspace       used 33661K, capacity 35067K, committed 35200K, reserved 1079296K
  class space    used 4093K, capacity 4654K, committed 4736K, reserved 1048576K
GC Heap History (20 events):
Event: 51.584 GC heap before
{Heap before GC invocations=11 (full 0):
 garbage-first heap   total 381952K, used 273493K [0x0000000081400000, 0x0000000100000000)
  region size 1024K, 6 young (6144K), 5 survivors (5120K)
 Metaspace       used 29667K, capacity 30693K, committed 30976K, reserved 1077248K
  class space    used 3571K, capacity 3987K, committed 4096K, reserved 1048576K
}
Event: 51.591 GC heap after
{Heap after GC invocations=12 (full 0):
 garbage-first heap   total 381952K, used 273825K [0x0000000081400000, 0x0000000100000000)
  region size 1024K, 4 young (4096K), 4 survivors (4096K)
 Metaspace       used 29667K, capacity 30693K, committed 30976K, reserved 1077248K
  class space    used 3571K, capacity 3987K, committed 4096K, reserved 1048576K
}
Event: 51.691 GC heap before
{Heap before GC invocations=13 (full 0):
 garbage-first heap   total 381952K, used 279969K [0x0000000081400000, 0x0000000100000000)
  region size 1024K, 5 young (5120K), 4 survivors (4096K)
 Metaspace       used 29720K, capacity 30757K, committed 30976K, reserved 1077248K
  class space    used 3571K, capacity 3987K, committed 4096K, reserved 1048576K
}
Event: 51.701 GC heap after
{Heap after GC invocations=14 (full 0):
 garbage-first heap   total 381952K, used 279948K [0x0000000081400000, 0x0000000100000000)
  region size 1024K, 1 young (1024K), 1 survivors (1024K)
 Metaspace       used 29720K, capacity 30757K, committed 30976K, reserved 1077248K
  class space    used 3571K, capacity 3987K, committed 4096K, reserved 1048576K
}
Event: 51.802 GC heap before
{Heap before GC invocations=15 (full 0):
 garbage-first heap   total 381952K, used 283020K [0x0000000081400000, 0x0000000100000000)
  region size 1024K, 3 young (3072K), 1 survivors (1024K)
 Metaspace       used 30196K, capacity 31230K, committed 31488K, reserved 1077248K
  class space    used 3664K, capacity 4078K, committed 4096K, reserved 1048576K
}
Event: 51.804 GC heap after
{Heap after GC invocations=16 (full 0):
 garbage-first heap   total 381952K, used 281839K [0x0000000081400000, 0x0000000100000000)
  region size 1024K, 1 young (1024K), 1 survivors (1024K)
 Metaspace       used 30196K, capacity 31230K, committed 31488K, reserved 1077248K
  class space    used 3664K, capacity 4078K, committed 4096K, reserved 1048576K
}
Event: 56.874 GC heap before
{Heap before GC invocations=17 (full 0):
 garbage-first heap   total 381952K, used 304367K [0x0000000081400000, 0x0000000100000000)
  region size 1024K, 18 young (18432K), 1 survivors (1024K)
 Metaspace       used 32047K, capacity 33267K, committed 33408K, reserved 1079296K
  class space    used 3924K, capacity 4438K, committed 4480K, reserved 1048576K
}
Event: 56.881 GC heap after
{Heap after GC invocations=18 (full 0):
 garbage-first heap   total 381952K, used 290110K [0x0000000081400000, 0x0000000100000000)
  region size 1024K, 3 young (3072K), 3 survivors (3072K)
 Metaspace       used 32047K, capacity 33267K, committed 33408K, reserved 1079296K
  class space    used 3924K, capacity 4438K, committed 4480K, reserved 1048576K
}
Event: 56.969 GC heap before
{Heap before GC invocations=19 (full 0):
 garbage-first heap   total 381952K, used 298302K [0x0000000081400000, 0x0000000100000000)
  region size 1024K, 4 young (4096K), 3 survivors (3072K)
 Metaspace       used 32181K, capacity 33394K, committed 33664K, reserved 1079296K
  class space    used 3954K, capacity 4450K, committed 4480K, reserved 1048576K
}
Event: 56.977 GC heap after
{Heap after GC invocations=20 (full 0):
 garbage-first heap   total 381952K, used 298512K [0x0000000081400000, 0x0000000100000000)
  region size 1024K, 3 young (3072K), 3 survivors (3072K)
 Metaspace       used 32181K, capacity 33394K, committed 33664K, reserved 1079296K
  class space    used 3954K, capacity 4450K, committed 4480K, reserved 1048576K
}
Event: 57.098 GC heap before
{Heap before GC invocations=21 (full 0):
 garbage-first heap   total 381952K, used 301584K [0x0000000081400000, 0x0000000100000000)
  region size 1024K, 5 young (5120K), 3 survivors (3072K)
 Metaspace       used 32241K, capacity 33476K, committed 33664K, reserved 1079296K
  class space    used 3956K, capacity 4453K, committed 4480K, reserved 1048576K
}
Event: 57.106 GC heap after
{Heap after GC invocations=22 (full 0):
 garbage-first heap   total 381952K, used 300734K [0x0000000081400000, 0x0000000100000000)
  region size 1024K, 1 young (1024K), 1 survivors (1024K)
 Metaspace       used 32241K, capacity 33476K, committed 33664K, reserved 1079296K
  class space    used 3956K, capacity 4453K, committed 4480K, reserved 1048576K
}
Event: 57.223 GC heap before
{Heap before GC invocations=23 (full 0):
 garbage-first heap   total 381952K, used 313022K [0x0000000081400000, 0x0000000100000000)
  region size 1024K, 2 young (2048K), 1 survivors (1024K)
 Metaspace       used 32310K, capacity 33567K, committed 33664K, reserved 1079296K
  class space    used 3958K, capacity 4458K, committed 4480K, reserved 1048576K
}
Event: 57.226 GC heap after
{Heap after GC invocations=24 (full 0):
 garbage-first heap   total 381952K, used 312929K [0x0000000081400000, 0x0000000100000000)
  region size 1024K, 1 young (1024K), 1 survivors (1024K)
 Metaspace       used 32310K, capacity 33567K, committed 33664K, reserved 1079296K
  class space    used 3958K, capacity 4458K, committed 4480K, reserved 1048576K
}
Event: 57.346 GC heap before
{Heap before GC invocations=25 (full 0):
 garbage-first heap   total 381952K, used 324193K [0x0000000081400000, 0x0000000100000000)
  region size 1024K, 3 young (3072K), 1 survivors (1024K)
 Metaspace       used 32338K, capacity 33576K, committed 33664K, reserved 1079296K
  class space    used 3959K, capacity 4460K, committed 4480K, reserved 1048576K
}
Event: 57.348 GC heap after
{Heap after GC invocations=26 (full 0):
 garbage-first heap   total 381952K, used 323169K [0x0000000081400000, 0x0000000100000000)
  region size 1024K, 1 young (1024K), 1 survivors (1024K)
 Metaspace       used 32338K, capacity 33576K, committed 33664K, reserved 1079296K
  class space    used 3959K, capacity 4460K, committed 4480K, reserved 1048576K
}
Event: 57.955 GC heap before
{Heap before GC invocations=27 (full 0):
 garbage-first heap   total 381952K, used 350817K [0x0000000081400000, 0x0000000100000000)
  region size 1024K, 18 young (18432K), 1 survivors (1024K)
 Metaspace       used 33010K, capacity 34298K, committed 34560K, reserved 1079296K
  class space    used 4049K, capacity 4592K, committed 4608K, reserved 1048576K
}
Event: 57.964 GC heap after
{Heap after GC invocations=28 (full 0):
 garbage-first heap   total 381952K, used 336048K [0x0000000081400000, 0x0000000100000000)
  region size 1024K, 3 young (3072K), 3 survivors (3072K)
 Metaspace       used 33010K, capacity 34298K, committed 34560K, reserved 1079296K
  class space    used 4049K, capacity 4592K, committed 4608K, reserved 1048576K
}
Event: 62.063 GC heap before
{Heap before GC invocations=28 (full 0):
 garbage-first heap   total 381952K, used 351408K [0x0000000081400000, 0x0000000100000000)
  region size 1024K, 18 young (18432K), 3 survivors (3072K)
 Metaspace       used 33648K, capacity 35003K, committed 35200K, reserved 1079296K
  class space    used 4093K, capacity 4654K, committed 4736K, reserved 1048576K
}
Event: 62.080 GC heap after
{Heap after GC invocations=29 (full 0):
 garbage-first heap   total 381952K, used 338941K [0x0000000081400000, 0x0000000100000000)
  region size 1024K, 3 young (3072K), 3 survivors (3072K)
 Metaspace       used 33648K, capacity 35003K, committed 35200K, reserved 1079296K
  class space    used 4093K, capacity 4654K, committed 4736K, reserved 1048576K
}

