# JRE version: OpenJDK Runtime Environment Corretto-11.0.23.9.1 (11.0.23+9) (build 11.0.23+9-LTS)
# Java VM: OpenJDK 64-Bit Server VM Corretto-11.0.23.9.1 (11.0.23+9-LTS, mixed mode, tiered, compressed oops, g1 gc, windows-amd64)
Heap:
 garbage-first heap   total 381952K, used 332265K [0x0000000081400000, 0x0000000100000000)
  region size 1024K, 13 young (13312K), 1 survivors (1024K)
 Metaspace       used 33802K, capacity 35113K, committed 35200K, reserved 1079296K
  class space    used 4094K, capacity 4650K, committed 4736K, reserved 1048576K
GC Heap History (20 events):
Event: 7.441 GC heap before
{Heap before GC invocations=7 (full 0):
 garbage-first heap   total 381952K, used 283398K [0x0000000081400000, 0x0000000100000000)
  region size 1024K, 21 young (21504K), 1 survivors (1024K)
 Metaspace       used 24048K, capacity 24898K, committed 25216K, reserved 1071104K
  class space    used 3032K, capacity 3391K, committed 3456K, reserved 1048576K
}
Event: 7.445 GC heap after
{Heap after GC invocations=8 (full 0):
 garbage-first heap   total 381952K, used 266274K [0x0000000081400000, 0x0000000100000000)
  region size 1024K, 2 young (2048K), 2 survivors (2048K)
 Metaspace       used 24048K, capacity 24898K, committed 25216K, reserved 1071104K
  class space    used 3032K, capacity 3391K, committed 3456K, reserved 1048576K
}
Event: 110.509 GC heap before
{Heap before GC invocations=9 (full 0):
 garbage-first heap   total 381952K, used 292898K [0x0000000081400000, 0x0000000100000000)
  region size 1024K, 28 young (28672K), 2 survivors (2048K)
 Metaspace       used 29962K, capacity 30926K, committed 31232K, reserved 1077248K
  class space    used 3582K, capacity 3998K, committed 4096K, reserved 1048576K
}
Event: 110.515 GC heap after
{Heap after GC invocations=10 (full 0):
 garbage-first heap   total 381952K, used 271322K [0x0000000081400000, 0x0000000100000000)
  region size 1024K, 5 young (5120K), 5 survivors (5120K)
 Metaspace       used 29962K, capacity 30926K, committed 31232K, reserved 1077248K
  class space    used 3582K, capacity 3998K, committed 4096K, reserved 1048576K
}
Event: 110.590 GC heap before
{Heap before GC invocations=11 (full 0):
 garbage-first heap   total 381952K, used 277466K [0x0000000081400000, 0x0000000100000000)
  region size 1024K, 8 young (8192K), 5 survivors (5120K)
 Metaspace       used 30507K, capacity 31548K, committed 31872K, reserved 1077248K
  class space    used 3699K, capacity 4120K, committed 4224K, reserved 1048576K
}
Event: 110.596 GC heap after
{Heap after GC invocations=12 (full 0):
 garbage-first heap   total 381952K, used 275843K [0x0000000081400000, 0x0000000100000000)
  region size 1024K, 4 young (4096K), 4 survivors (4096K)
 Metaspace       used 30507K, capacity 31548K, committed 31872K, reserved 1077248K
  class space    used 3699K, capacity 4120K, committed 4224K, reserved 1048576K
}
Event: 110.665 GC heap before
{Heap before GC invocations=13 (full 0):
 garbage-first heap   total 381952K, used 283011K [0x0000000081400000, 0x0000000100000000)
  region size 1024K, 6 young (6144K), 4 survivors (4096K)
 Metaspace       used 30647K, capacity 31633K, committed 31872K, reserved 1077248K
  class space    used 3713K, capacity 4124K, committed 4224K, reserved 1048576K
}
Event: 110.670 GC heap after
{Heap after GC invocations=14 (full 0):
 garbage-first heap   total 381952K, used 282214K [0x0000000081400000, 0x0000000100000000)
  region size 1024K, 1 young (1024K), 1 survivors (1024K)
 Metaspace       used 30647K, capacity 31633K, committed 31872K, reserved 1077248K
  class space    used 3713K, capacity 4124K, committed 4224K, reserved 1048576K
}
Event: 110.727 GC heap before
{Heap before GC invocations=15 (full 0):
 garbage-first heap   total 381952K, used 290406K [0x0000000081400000, 0x0000000100000000)
  region size 1024K, 2 young (2048K), 1 survivors (1024K)
 Metaspace       used 30710K, capacity 31778K, committed 32128K, reserved 1077248K
  class space    used 3714K, capacity 4126K, committed 4224K, reserved 1048576K
}
Event: 110.730 GC heap after
{Heap after GC invocations=16 (full 0):
 garbage-first heap   total 381952K, used 290267K [0x0000000081400000, 0x0000000100000000)
  region size 1024K, 1 young (1024K), 1 survivors (1024K)
 Metaspace       used 30710K, capacity 31778K, committed 32128K, reserved 1077248K
  class space    used 3714K, capacity 4126K, committed 4224K, reserved 1048576K
}
Event: 110.791 GC heap before
{Heap before GC invocations=17 (full 0):
 garbage-first heap   total 381952K, used 296411K [0x0000000081400000, 0x0000000100000000)
  region size 1024K, 2 young (2048K), 1 survivors (1024K)
 Metaspace       used 30760K, capacity 31825K, committed 32128K, reserved 1077248K
  class space    used 3718K, capacity 4133K, committed 4224K, reserved 1048576K
}
Event: 110.793 GC heap after
{Heap after GC invocations=18 (full 0):
 garbage-first heap   total 381952K, used 296429K [0x0000000081400000, 0x0000000100000000)
  region size 1024K, 1 young (1024K), 1 survivors (1024K)
 Metaspace       used 30760K, capacity 31825K, committed 32128K, reserved 1077248K
  class space    used 3718K, capacity 4133K, committed 4224K, reserved 1048576K
}
Event: 110.853 GC heap before
{Heap before GC invocations=19 (full 0):
 garbage-first heap   total 381952K, used 306669K [0x0000000081400000, 0x0000000100000000)
  region size 1024K, 2 young (2048K), 1 survivors (1024K)
 Metaspace       used 30789K, capacity 31849K, committed 32128K, reserved 1077248K
  class space    used 3720K, capacity 4137K, committed 4224K, reserved 1048576K
}
Event: 110.855 GC heap after
{Heap after GC invocations=20 (full 0):
 garbage-first heap   total 381952K, used 306746K [0x0000000081400000, 0x0000000100000000)
  region size 1024K, 1 young (1024K), 1 survivors (1024K)
 Metaspace       used 30789K, capacity 31849K, committed 32128K, reserved 1077248K
  class space    used 3720K, capacity 4137K, committed 4224K, reserved 1048576K
}
Event: 111.331 GC heap before
{Heap before GC invocations=21 (full 0):
 garbage-first heap   total 381952K, used 333370K [0x0000000081400000, 0x0000000100000000)
  region size 1024K, 19 young (19456K), 1 survivors (1024K)
 Metaspace       used 32602K, capacity 33927K, committed 34048K, reserved 1079296K
  class space    used 4023K, capacity 4578K, committed 4608K, reserved 1048576K
}
Event: 111.337 GC heap after
{Heap after GC invocations=22 (full 0):
 garbage-first heap   total 381952K, used 317197K [0x0000000081400000, 0x0000000100000000)
  region size 1024K, 3 young (3072K), 3 survivors (3072K)
 Metaspace       used 32602K, capacity 33927K, committed 34048K, reserved 1079296K
  class space    used 4023K, capacity 4578K, committed 4608K, reserved 1048576K
}
Event: 111.828 GC heap before
{Heap before GC invocations=22 (full 0):
 garbage-first heap   total 381952K, used 331533K [0x0000000081400000, 0x0000000100000000)
  region size 1024K, 18 young (18432K), 3 survivors (3072K)
 Metaspace       used 33062K, capacity 34359K, committed 34560K, reserved 1079296K
  class space    used 4042K, capacity 4591K, committed 4608K, reserved 1048576K
}
Event: 111.883 GC heap after
{Heap after GC invocations=23 (full 0):
 garbage-first heap   total 381952K, used 320791K [0x0000000081400000, 0x0000000100000000)
  region size 1024K, 3 young (3072K), 3 survivors (3072K)
 Metaspace       used 33062K, capacity 34359K, committed 34560K, reserved 1079296K
  class space    used 4042K, capacity 4591K, committed 4608K, reserved 1048576K
}
Event: 125.384 GC heap before
{Heap before GC invocations=24 (full 0):
 garbage-first heap   total 381952K, used 335127K [0x0000000081400000, 0x0000000100000000)
  region size 1024K, 18 young (18432K), 3 survivors (3072K)
 Metaspace       used 33577K, capacity 34908K, committed 35200K, reserved 1079296K
  class space    used 4089K, capacity 4645K, committed 4736K, reserved 1048576K
}
Event: 125.391 GC heap after
{Heap after GC invocations=25 (full 0):
 garbage-first heap   total 381952K, used 322025K [0x0000000081400000, 0x0000000100000000)
  region size 1024K, 1 young (1024K), 1 survivors (1024K)
 Metaspace       used 33577K, capacity 34908K, committed 35200K, reserved 1079296K
  class space    used 4089K, capacity 4645K, committed 4736K, reserved 1048576K
}

