# JRE version: OpenJDK Runtime Environment Corretto-11.0.23.9.1 (11.0.23+9) (build 11.0.23+9-LTS)
# Java VM: OpenJDK 64-Bit Server VM Corretto-11.0.23.9.1 (11.0.23+9-LTS, mixed mode, tiered, compressed oops, g1 gc, windows-amd64)
Heap:
 garbage-first heap   total 381952K, used 343086K [0x0000000081400000, 0x0000000100000000)
  region size 1024K, 3 young (3072K), 1 survivors (1024K)
 Metaspace       used 34755K, capacity 36082K, committed 36224K, reserved 1081344K
  class space    used 4124K, capacity 4698K, committed 4736K, reserved 1048576K
GC Heap History (20 events):
Event: 97.638 GC heap before
{Heap before GC invocations=19 (full 0):
 garbage-first heap   total 381952K, used 305300K [0x0000000081400000, 0x0000000100000000)
  region size 1024K, 19 young (19456K), 1 survivors (1024K)
 Metaspace       used 32180K, capacity 33359K, committed 33408K, reserved 1079296K
  class space    used 3934K, capacity 4443K, committed 4480K, reserved 1048576K
}
Event: 97.642 GC heap after
{Heap after GC invocations=20 (full 0):
 garbage-first heap   total 381952K, used 289844K [0x0000000081400000, 0x0000000100000000)
  region size 1024K, 3 young (3072K), 3 survivors (3072K)
 Metaspace       used 32180K, capacity 33359K, committed 33408K, reserved 1079296K
  class space    used 3934K, capacity 4443K, committed 4480K, reserved 1048576K
}
Event: 97.694 GC heap before
{Heap before GC invocations=21 (full 0):
 garbage-first heap   total 381952K, used 300084K [0x0000000081400000, 0x0000000100000000)
  region size 1024K, 4 young (4096K), 3 survivors (3072K)
 Metaspace       used 32230K, capacity 33409K, committed 33664K, reserved 1079296K
  class space    used 3938K, capacity 4451K, committed 4480K, reserved 1048576K
}
Event: 97.699 GC heap after
{Heap after GC invocations=22 (full 0):
 garbage-first heap   total 381952K, used 300262K [0x0000000081400000, 0x0000000100000000)
  region size 1024K, 3 young (3072K), 3 survivors (3072K)
 Metaspace       used 32230K, capacity 33409K, committed 33664K, reserved 1079296K
  class space    used 3938K, capacity 4451K, committed 4480K, reserved 1048576K
}
Event: 185.102 GC heap before
{Heap before GC invocations=23 (full 0):
 garbage-first heap   total 381952K, used 330982K [0x0000000081400000, 0x0000000100000000)
  region size 1024K, 28 young (28672K), 3 survivors (3072K)
 Metaspace       used 33131K, capacity 34377K, committed 34560K, reserved 1079296K
  class space    used 3960K, capacity 4490K, committed 4608K, reserved 1048576K
}
Event: 185.112 GC heap after
{Heap after GC invocations=24 (full 0):
 garbage-first heap   total 381952K, used 308319K [0x0000000081400000, 0x0000000100000000)
  region size 1024K, 4 young (4096K), 4 survivors (4096K)
 Metaspace       used 33131K, capacity 34377K, committed 34560K, reserved 1079296K
  class space    used 3960K, capacity 4490K, committed 4608K, reserved 1048576K
}
Event: 185.162 GC heap before
{Heap before GC invocations=25 (full 0):
 garbage-first heap   total 381952K, used 316511K [0x0000000081400000, 0x0000000100000000)
  region size 1024K, 5 young (5120K), 4 survivors (4096K)
 Metaspace       used 33218K, capacity 34485K, committed 34816K, reserved 1079296K
  class space    used 3985K, capacity 4526K, committed 4608K, reserved 1048576K
}
Event: 185.176 GC heap after
{Heap after GC invocations=26 (full 0):
 garbage-first heap   total 381952K, used 316705K [0x0000000081400000, 0x0000000100000000)
  region size 1024K, 3 young (3072K), 3 survivors (3072K)
 Metaspace       used 33218K, capacity 34485K, committed 34816K, reserved 1079296K
  class space    used 3985K, capacity 4526K, committed 4608K, reserved 1048576K
}
Event: 185.249 GC heap before
{Heap before GC invocations=27 (full 0):
 garbage-first heap   total 381952K, used 305441K [0x0000000081400000, 0x0000000100000000)
  region size 1024K, 6 young (6144K), 3 survivors (3072K)
 Metaspace       used 33268K, capacity 34521K, committed 34816K, reserved 1079296K
  class space    used 3989K, capacity 4532K, committed 4608K, reserved 1048576K
}
Event: 185.255 GC heap after
{Heap after GC invocations=28 (full 0):
 garbage-first heap   total 381952K, used 304987K [0x0000000081400000, 0x0000000100000000)
  region size 1024K, 1 young (1024K), 1 survivors (1024K)
 Metaspace       used 33268K, capacity 34521K, committed 34816K, reserved 1079296K
  class space    used 3989K, capacity 4532K, committed 4608K, reserved 1048576K
}
Event: 185.325 GC heap before
{Heap before GC invocations=29 (full 0):
 garbage-first heap   total 381952K, used 318299K [0x0000000081400000, 0x0000000100000000)
  region size 1024K, 3 young (3072K), 1 survivors (1024K)
 Metaspace       used 33293K, capacity 34585K, committed 34816K, reserved 1079296K
  class space    used 3989K, capacity 4532K, committed 4608K, reserved 1048576K
}
Event: 185.326 GC heap after
{Heap after GC invocations=30 (full 0):
 garbage-first heap   total 381952K, used 316750K [0x0000000081400000, 0x0000000100000000)
  region size 1024K, 1 young (1024K), 1 survivors (1024K)
 Metaspace       used 33293K, capacity 34585K, committed 34816K, reserved 1079296K
  class space    used 3989K, capacity 4532K, committed 4608K, reserved 1048576K
}
Event: 185.379 GC heap before
{Heap before GC invocations=31 (full 0):
 garbage-first heap   total 381952K, used 329038K [0x0000000081400000, 0x0000000100000000)
  region size 1024K, 2 young (2048K), 1 survivors (1024K)
 Metaspace       used 33328K, capacity 34655K, committed 34816K, reserved 1079296K
  class space    used 3989K, capacity 4532K, committed 4608K, reserved 1048576K
}
Event: 185.381 GC heap after
{Heap after GC invocations=32 (full 0):
 garbage-first heap   total 381952K, used 329094K [0x0000000081400000, 0x0000000100000000)
  region size 1024K, 1 young (1024K), 1 survivors (1024K)
 Metaspace       used 33328K, capacity 34655K, committed 34816K, reserved 1079296K
  class space    used 3989K, capacity 4532K, committed 4608K, reserved 1048576K
}
Event: 185.658 GC heap before
{Heap before GC invocations=33 (full 0):
 garbage-first heap   total 381952K, used 352646K [0x0000000081400000, 0x0000000100000000)
  region size 1024K, 18 young (18432K), 1 survivors (1024K)
 Metaspace       used 33900K, capacity 35211K, committed 35456K, reserved 1079296K
  class space    used 4078K, capacity 4631K, committed 4736K, reserved 1048576K
}
Event: 185.664 GC heap after
{Heap after GC invocations=34 (full 0):
 garbage-first heap   total 381952K, used 337839K [0x0000000081400000, 0x0000000100000000)
  region size 1024K, 3 young (3072K), 3 survivors (3072K)
 Metaspace       used 33900K, capacity 35211K, committed 35456K, reserved 1079296K
  class space    used 4078K, capacity 4631K, committed 4736K, reserved 1048576K
}
Event: 189.558 GC heap before
{Heap before GC invocations=34 (full 0):
 garbage-first heap   total 381952K, used 353199K [0x0000000081400000, 0x0000000100000000)
  region size 1024K, 18 young (18432K), 3 survivors (3072K)
 Metaspace       used 34402K, capacity 35727K, committed 35968K, reserved 1081344K
  class space    used 4118K, capacity 4688K, committed 4736K, reserved 1048576K
}
Event: 189.582 GC heap after
{Heap after GC invocations=35 (full 0):
 garbage-first heap   total 381952K, used 341190K [0x0000000081400000, 0x0000000100000000)
  region size 1024K, 3 young (3072K), 3 survivors (3072K)
 Metaspace       used 34402K, capacity 35727K, committed 35968K, reserved 1081344K
  class space    used 4118K, capacity 4688K, committed 4736K, reserved 1048576K
}
Event: 261.897 GC heap before
{Heap before GC invocations=36 (full 0):
 garbage-first heap   total 381952K, used 356550K [0x0000000081400000, 0x0000000100000000)
  region size 1024K, 18 young (18432K), 3 survivors (3072K)
 Metaspace       used 34731K, capacity 36068K, committed 36224K, reserved 1081344K
  class space    used 4121K, capacity 4692K, committed 4736K, reserved 1048576K
}
Event: 261.903 GC heap after
{Heap after GC invocations=37 (full 0):
 garbage-first heap   total 381952K, used 342062K [0x0000000081400000, 0x0000000100000000)
  region size 1024K, 1 young (1024K), 1 survivors (1024K)
 Metaspace       used 34731K, capacity 36068K, committed 36224K, reserved 1081344K
  class space    used 4121K, capacity 4692K, committed 4736K, reserved 1048576K
}

