# JRE version: OpenJDK Runtime Environment Corretto-11.0.23.9.1 (11.0.23+9) (build 11.0.23+9-LTS)
# Java VM: OpenJDK 64-Bit Server VM Corretto-11.0.23.9.1 (11.0.23+9-LTS, mixed mode, tiered, compressed oops, g1 gc, windows-amd64)
Heap:
 garbage-first heap   total 381952K, used 328522K [0x0000000081400000, 0x0000000100000000)
  region size 1024K, 10 young (10240K), 3 survivors (3072K)
 Metaspace       used 38126K, capacity 39584K, committed 39808K, reserved 1083392K
  class space    used 4557K, capacity 5181K, committed 5248K, reserved 1048576K
GC Heap History (20 events):
Event: 22.299 GC heap before
{Heap before GC invocations=11 (full 0):
 garbage-first heap   total 381952K, used 273007K [0x0000000081400000, 0x0000000100000000)
  region size 1024K, 5 young (5120K), 4 survivors (4096K)
 Metaspace       used 29002K, capacity 29971K, committed 30080K, reserved 1075200K
  class space    used 3513K, capacity 3902K, committed 3968K, reserved 1048576K
}
Event: 22.305 GC heap after
{Heap after GC invocations=12 (full 0):
 garbage-first heap   total 381952K, used 273077K [0x0000000081400000, 0x0000000100000000)
  region size 1024K, 3 young (3072K), 3 survivors (3072K)
 Metaspace       used 29002K, capacity 29971K, committed 30080K, reserved 1075200K
  class space    used 3513K, capacity 3902K, committed 3968K, reserved 1048576K
}
Event: 22.379 GC heap before
{Heap before GC invocations=13 (full 0):
 garbage-first heap   total 381952K, used 277173K [0x0000000081400000, 0x0000000100000000)
  region size 1024K, 6 young (6144K), 3 survivors (3072K)
 Metaspace       used 29487K, capacity 30456K, committed 30720K, reserved 1075200K
  class space    used 3602K, capacity 4021K, committed 4096K, reserved 1048576K
}
Event: 22.384 GC heap after
{Heap after GC invocations=14 (full 0):
 garbage-first heap   total 381952K, used 275411K [0x0000000081400000, 0x0000000100000000)
  region size 1024K, 3 young (3072K), 3 survivors (3072K)
 Metaspace       used 29487K, capacity 30456K, committed 30720K, reserved 1075200K
  class space    used 3602K, capacity 4021K, committed 4096K, reserved 1048576K
}
Event: 22.478 GC heap before
{Heap before GC invocations=15 (full 0):
 garbage-first heap   total 381952K, used 282579K [0x0000000081400000, 0x0000000100000000)
  region size 1024K, 5 young (5120K), 3 survivors (3072K)
 Metaspace       used 29649K, capacity 30646K, committed 30720K, reserved 1075200K
  class space    used 3641K, capacity 4059K, committed 4096K, reserved 1048576K
}
Event: 22.485 GC heap after
{Heap after GC invocations=16 (full 0):
 garbage-first heap   total 381952K, used 281579K [0x0000000081400000, 0x0000000100000000)
  region size 1024K, 1 young (1024K), 1 survivors (1024K)
 Metaspace       used 29649K, capacity 30646K, committed 30720K, reserved 1075200K
  class space    used 3641K, capacity 4059K, committed 4096K, reserved 1048576K
}
Event: 22.575 GC heap before
{Heap before GC invocations=17 (full 0):
 garbage-first heap   total 381952K, used 289771K [0x0000000081400000, 0x0000000100000000)
  region size 1024K, 2 young (2048K), 1 survivors (1024K)
 Metaspace       used 29749K, capacity 30722K, committed 30976K, reserved 1077248K
  class space    used 3642K, capacity 4061K, committed 4096K, reserved 1048576K
}
Event: 22.578 GC heap after
{Heap after GC invocations=18 (full 0):
 garbage-first heap   total 381952K, used 289836K [0x0000000081400000, 0x0000000100000000)
  region size 1024K, 1 young (1024K), 1 survivors (1024K)
 Metaspace       used 29749K, capacity 30722K, committed 30976K, reserved 1077248K
  class space    used 3642K, capacity 4061K, committed 4096K, reserved 1048576K
}
Event: 22.657 GC heap before
{Heap before GC invocations=19 (full 0):
 garbage-first heap   total 381952K, used 295980K [0x0000000081400000, 0x0000000100000000)
  region size 1024K, 2 young (2048K), 1 survivors (1024K)
 Metaspace       used 29830K, capacity 30897K, committed 30976K, reserved 1077248K
  class space    used 3645K, capacity 4068K, committed 4096K, reserved 1048576K
}
Event: 22.659 GC heap after
{Heap after GC invocations=20 (full 0):
 garbage-first heap   total 381952K, used 295926K [0x0000000081400000, 0x0000000100000000)
  region size 1024K, 1 young (1024K), 1 survivors (1024K)
 Metaspace       used 29830K, capacity 30897K, committed 30976K, reserved 1077248K
  class space    used 3645K, capacity 4068K, committed 4096K, reserved 1048576K
}
Event: 22.742 GC heap before
{Heap before GC invocations=21 (full 0):
 garbage-first heap   total 381952K, used 306166K [0x0000000081400000, 0x0000000100000000)
  region size 1024K, 2 young (2048K), 1 survivors (1024K)
 Metaspace       used 29870K, capacity 30922K, committed 30976K, reserved 1077248K
  class space    used 3648K, capacity 4072K, committed 4096K, reserved 1048576K
}
Event: 22.745 GC heap after
{Heap after GC invocations=22 (full 0):
 garbage-first heap   total 381952K, used 306251K [0x0000000081400000, 0x0000000100000000)
  region size 1024K, 1 young (1024K), 1 survivors (1024K)
 Metaspace       used 29870K, capacity 30922K, committed 30976K, reserved 1077248K
  class space    used 3648K, capacity 4072K, committed 4096K, reserved 1048576K
}
Event: 23.439 GC heap before
{Heap before GC invocations=23 (full 0):
 garbage-first heap   total 381952K, used 330827K [0x0000000081400000, 0x0000000100000000)
  region size 1024K, 18 young (18432K), 1 survivors (1024K)
 Metaspace       used 31760K, capacity 33037K, committed 33280K, reserved 1077248K
  class space    used 3961K, capacity 4482K, committed 4608K, reserved 1048576K
}
Event: 23.448 GC heap after
{Heap after GC invocations=24 (full 0):
 garbage-first heap   total 381952K, used 316566K [0x0000000081400000, 0x0000000100000000)
  region size 1024K, 3 young (3072K), 3 survivors (3072K)
 Metaspace       used 31760K, capacity 33037K, committed 33280K, reserved 1077248K
  class space    used 3961K, capacity 4482K, committed 4608K, reserved 1048576K
}
Event: 23.999 GC heap before
{Heap before GC invocations=24 (full 0):
 garbage-first heap   total 381952K, used 331926K [0x0000000081400000, 0x0000000100000000)
  region size 1024K, 18 young (18432K), 3 survivors (3072K)
 Metaspace       used 32230K, capacity 33477K, committed 33792K, reserved 1079296K
  class space    used 3978K, capacity 4497K, committed 4608K, reserved 1048576K
}
Event: 24.050 GC heap after
{Heap after GC invocations=25 (full 0):
 garbage-first heap   total 381952K, used 320063K [0x0000000081400000, 0x0000000100000000)
  region size 1024K, 3 young (3072K), 3 survivors (3072K)
 Metaspace       used 32230K, capacity 33477K, committed 33792K, reserved 1079296K
  class space    used 3978K, capacity 4497K, committed 4608K, reserved 1048576K
}
Event: 27.207 GC heap before
{Heap before GC invocations=26 (full 0):
 garbage-first heap   total 381952K, used 334399K [0x0000000081400000, 0x0000000100000000)
  region size 1024K, 18 young (18432K), 3 survivors (3072K)
 Metaspace       used 33091K, capacity 34451K, committed 34560K, reserved 1079296K
  class space    used 4034K, capacity 4583K, committed 4608K, reserved 1048576K
}
Event: 27.221 GC heap after
{Heap after GC invocations=27 (full 0):
 garbage-first heap   total 381952K, used 321343K [0x0000000081400000, 0x0000000100000000)
  region size 1024K, 2 young (2048K), 2 survivors (2048K)
 Metaspace       used 33091K, capacity 34451K, committed 34560K, reserved 1079296K
  class space    used 4034K, capacity 4583K, committed 4608K, reserved 1048576K
}
Event: 80.246 GC heap before
{Heap before GC invocations=27 (full 0):
 garbage-first heap   total 381952K, used 337727K [0x0000000081400000, 0x0000000100000000)
  region size 1024K, 18 young (18432K), 2 survivors (2048K)
 Metaspace       used 33860K, capacity 35182K, committed 35456K, reserved 1079296K
  class space    used 4115K, capacity 4675K, committed 4736K, reserved 1048576K
}
Event: 80.252 GC heap after
{Heap after GC invocations=28 (full 0):
 garbage-first heap   total 381952K, used 322378K [0x0000000081400000, 0x0000000100000000)
  region size 1024K, 3 young (3072K), 3 survivors (3072K)
 Metaspace       used 33860K, capacity 35182K, committed 35456K, reserved 1079296K
  class space    used 4115K, capacity 4675K, committed 4736K, reserved 1048576K
}

