# JRE version: OpenJDK Runtime Environment Corretto-11.0.23.9.1 (11.0.23+9) (build 11.0.23+9-LTS)
# Java VM: OpenJDK 64-Bit Server VM Corretto-11.0.23.9.1 (11.0.23+9-LTS, mixed mode, tiered, compressed oops, g1 gc, windows-amd64)
Heap:
 garbage-first heap   total 389120K, used 359703K [0x0000000081400000, 0x0000000100000000)
  region size 1024K, 10 young (10240K), 2 survivors (2048K)
 Metaspace       used 35442K, capacity 36824K, committed 36992K, reserved 1081344K
  class space    used 4127K, capacity 4696K, committed 4736K, reserved 1048576K
GC Heap History (20 events):
Event: 126.789 GC heap before
{Heap before GC invocations=44 (full 0):
 garbage-first heap   total 389120K, used 330526K [0x0000000081400000, 0x0000000100000000)
  region size 1024K, 5 young (5120K), 2 survivors (2048K)
 Metaspace       used 34775K, capacity 36156K, committed 36224K, reserved 1081344K
  class space    used 4112K, capacity 4673K, committed 4736K, reserved 1048576K
}
Event: 126.792 GC heap after
{Heap after GC invocations=45 (full 0):
 garbage-first heap   total 389120K, used 328502K [0x0000000081400000, 0x0000000100000000)
  region size 1024K, 2 young (2048K), 2 survivors (2048K)
 Metaspace       used 34775K, capacity 36156K, committed 36224K, reserved 1081344K
  class space    used 4112K, capacity 4673K, committed 4736K, reserved 1048576K
}
Event: 140.840 GC heap before
{Heap before GC invocations=46 (full 0):
 garbage-first heap   total 389120K, used 362294K [0x0000000081400000, 0x0000000100000000)
  region size 1024K, 19 young (19456K), 2 survivors (2048K)
 Metaspace       used 34907K, capacity 36320K, committed 36480K, reserved 1081344K
  class space    used 4119K, capacity 4683K, committed 4736K, reserved 1048576K
}
Event: 140.857 GC heap after
{Heap after GC invocations=47 (full 0):
 garbage-first heap   total 389120K, used 346218K [0x0000000081400000, 0x0000000100000000)
  region size 1024K, 3 young (3072K), 3 survivors (3072K)
 Metaspace       used 34907K, capacity 36320K, committed 36480K, reserved 1081344K
  class space    used 4119K, capacity 4683K, committed 4736K, reserved 1048576K
}
Event: 143.195 GC heap before
{Heap before GC invocations=47 (full 0):
 garbage-first heap   total 389120K, used 349290K [0x0000000081400000, 0x0000000100000000)
  region size 1024K, 7 young (7168K), 3 survivors (3072K)
 Metaspace       used 34928K, capacity 36334K, committed 36480K, reserved 1081344K
  class space    used 4120K, capacity 4685K, committed 4736K, reserved 1048576K
}
Event: 143.202 GC heap after
{Heap after GC invocations=48 (full 0):
 garbage-first heap   total 389120K, used 346514K [0x0000000081400000, 0x0000000100000000)
  region size 1024K, 1 young (1024K), 1 survivors (1024K)
 Metaspace       used 34928K, capacity 36334K, committed 36480K, reserved 1081344K
  class space    used 4120K, capacity 4685K, committed 4736K, reserved 1048576K
}
Event: 143.287 GC heap before
{Heap before GC invocations=49 (full 0):
 garbage-first heap   total 389120K, used 313746K [0x0000000081400000, 0x0000000100000000)
  region size 1024K, 3 young (3072K), 1 survivors (1024K)
 Metaspace       used 34954K, capacity 36334K, committed 36480K, reserved 1081344K
  class space    used 4120K, capacity 4685K, committed 4736K, reserved 1048576K
}
Event: 143.289 GC heap after
{Heap after GC invocations=50 (full 0):
 garbage-first heap   total 389120K, used 312551K [0x0000000081400000, 0x0000000100000000)
  region size 1024K, 1 young (1024K), 1 survivors (1024K)
 Metaspace       used 34954K, capacity 36334K, committed 36480K, reserved 1081344K
  class space    used 4120K, capacity 4685K, committed 4736K, reserved 1048576K
}
Event: 143.370 GC heap before
{Heap before GC invocations=51 (full 0):
 garbage-first heap   total 389120K, used 327911K [0x0000000081400000, 0x0000000100000000)
  region size 1024K, 3 young (3072K), 1 survivors (1024K)
 Metaspace       used 34964K, capacity 36398K, committed 36480K, reserved 1081344K
  class space    used 4120K, capacity 4685K, committed 4736K, reserved 1048576K
}
Event: 143.372 GC heap after
{Heap after GC invocations=52 (full 0):
 garbage-first heap   total 389120K, used 326958K [0x0000000081400000, 0x0000000100000000)
  region size 1024K, 1 young (1024K), 1 survivors (1024K)
 Metaspace       used 34964K, capacity 36398K, committed 36480K, reserved 1081344K
  class space    used 4120K, capacity 4685K, committed 4736K, reserved 1048576K
}
Event: 143.584 GC heap before
{Heap before GC invocations=53 (full 0):
 garbage-first heap   total 389120K, used 362798K [0x0000000081400000, 0x0000000100000000)
  region size 1024K, 19 young (19456K), 1 survivors (1024K)
 Metaspace       used 35052K, capacity 36473K, committed 36736K, reserved 1081344K
  class space    used 4121K, capacity 4687K, committed 4736K, reserved 1048576K
}
Event: 143.589 GC heap after
{Heap after GC invocations=54 (full 0):
 garbage-first heap   total 389120K, used 348250K [0x0000000081400000, 0x0000000100000000)
  region size 1024K, 3 young (3072K), 3 survivors (3072K)
 Metaspace       used 35052K, capacity 36473K, committed 36736K, reserved 1081344K
  class space    used 4121K, capacity 4687K, committed 4736K, reserved 1048576K
}
Event: 152.745 GC heap before
{Heap before GC invocations=54 (full 0):
 garbage-first heap   total 389120K, used 363610K [0x0000000081400000, 0x0000000100000000)
  region size 1024K, 19 young (19456K), 3 survivors (3072K)
 Metaspace       used 35164K, capacity 36538K, committed 36736K, reserved 1081344K
  class space    used 4121K, capacity 4687K, committed 4736K, reserved 1048576K
}
Event: 152.774 GC heap after
{Heap after GC invocations=55 (full 0):
 garbage-first heap   total 389120K, used 351452K [0x0000000081400000, 0x0000000100000000)
  region size 1024K, 3 young (3072K), 3 survivors (3072K)
 Metaspace       used 35164K, capacity 36538K, committed 36736K, reserved 1081344K
  class space    used 4121K, capacity 4687K, committed 4736K, reserved 1048576K
}
Event: 175.188 GC heap before
{Heap before GC invocations=56 (full 0):
 garbage-first heap   total 389120K, used 366812K [0x0000000081400000, 0x0000000100000000)
  region size 1024K, 19 young (19456K), 3 survivors (3072K)
 Metaspace       used 35272K, capacity 36679K, committed 36736K, reserved 1081344K
  class space    used 4123K, capacity 4690K, committed 4736K, reserved 1048576K
}
Event: 175.199 GC heap after
{Heap after GC invocations=57 (full 0):
 garbage-first heap   total 389120K, used 352030K [0x0000000081400000, 0x0000000100000000)
  region size 1024K, 1 young (1024K), 1 survivors (1024K)
 Metaspace       used 35272K, capacity 36679K, committed 36736K, reserved 1081344K
  class space    used 4123K, capacity 4690K, committed 4736K, reserved 1048576K
}
Event: 184.053 GC heap before
{Heap before GC invocations=57 (full 0):
 garbage-first heap   total 389120K, used 370462K [0x0000000081400000, 0x0000000100000000)
  region size 1024K, 19 young (19456K), 1 survivors (1024K)
 Metaspace       used 35304K, capacity 36744K, committed 36992K, reserved 1081344K
  class space    used 4123K, capacity 4690K, committed 4736K, reserved 1048576K
}
Event: 184.057 GC heap after
{Heap after GC invocations=58 (full 0):
 garbage-first heap   total 389120K, used 352391K [0x0000000081400000, 0x0000000100000000)
  region size 1024K, 1 young (1024K), 1 survivors (1024K)
 Metaspace       used 35304K, capacity 36744K, committed 36992K, reserved 1081344K
  class space    used 4123K, capacity 4690K, committed 4736K, reserved 1048576K
}
Event: 209.282 GC heap before
{Heap before GC invocations=59 (full 0):
 garbage-first heap   total 389120K, used 370823K [0x0000000081400000, 0x0000000100000000)
  region size 1024K, 19 young (19456K), 1 survivors (1024K)
 Metaspace       used 35386K, capacity 36809K, committed 36992K, reserved 1081344K
  class space    used 4124K, capacity 4690K, committed 4736K, reserved 1048576K
}
Event: 209.286 GC heap after
{Heap after GC invocations=60 (full 0):
 garbage-first heap   total 389120K, used 352535K [0x0000000081400000, 0x0000000100000000)
  region size 1024K, 2 young (2048K), 2 survivors (2048K)
 Metaspace       used 35386K, capacity 36809K, committed 36992K, reserved 1081344K
  class space    used 4124K, capacity 4690K, committed 4736K, reserved 1048576K
}

