# JRE version: OpenJDK Runtime Environment Corretto-11.0.23.9.1 (11.0.23+9) (build 11.0.23+9-LTS)
# Java VM: OpenJDK 64-Bit Server VM Corretto-11.0.23.9.1 (11.0.23+9-LTS, mixed mode, tiered, compressed oops, g1 gc, windows-amd64)
Heap:
 garbage-first heap   total 381952K, used 337084K [0x0000000081400000, 0x0000000100000000)
  region size 1024K, 3 young (3072K), 1 survivors (1024K)
 Metaspace       used 33581K, capacity 34939K, committed 35200K, reserved 1079296K
  class space    used 4056K, capacity 4614K, committed 4736K, reserved 1048576K
GC Heap History (20 events):
Event: 82.618 GC heap before
{Heap before GC invocations=11 (full 0):
 garbage-first heap   total 381952K, used 273075K [0x0000000081400000, 0x0000000100000000)
  region size 1024K, 5 young (5120K), 4 survivors (4096K)
 Metaspace       used 28930K, capacity 29910K, committed 30080K, reserved 1075200K
  class space    used 3502K, capacity 3899K, committed 3968K, reserved 1048576K
}
Event: 82.623 GC heap after
{Heap after GC invocations=12 (full 0):
 garbage-first heap   total 381952K, used 273502K [0x0000000081400000, 0x0000000100000000)
  region size 1024K, 3 young (3072K), 3 survivors (3072K)
 Metaspace       used 28930K, capacity 29910K, committed 30080K, reserved 1075200K
  class space    used 3502K, capacity 3899K, committed 3968K, reserved 1048576K
}
Event: 82.670 GC heap before
{Heap before GC invocations=13 (full 0):
 garbage-first heap   total 381952K, used 277598K [0x0000000081400000, 0x0000000100000000)
  region size 1024K, 4 young (4096K), 3 survivors (3072K)
 Metaspace       used 28979K, capacity 29912K, committed 30080K, reserved 1075200K
  class space    used 3507K, capacity 3900K, committed 3968K, reserved 1048576K
}
Event: 82.674 GC heap after
{Heap after GC invocations=14 (full 0):
 garbage-first heap   total 381952K, used 277611K [0x0000000081400000, 0x0000000100000000)
  region size 1024K, 1 young (1024K), 1 survivors (1024K)
 Metaspace       used 28979K, capacity 29912K, committed 30080K, reserved 1075200K
  class space    used 3507K, capacity 3900K, committed 3968K, reserved 1048576K
}
Event: 82.759 GC heap before
{Heap before GC invocations=15 (full 0):
 garbage-first heap   total 381952K, used 283755K [0x0000000081400000, 0x0000000100000000)
  region size 1024K, 4 young (4096K), 1 survivors (1024K)
 Metaspace       used 29493K, capacity 30481K, committed 30720K, reserved 1075200K
  class space    used 3599K, capacity 4023K, committed 4096K, reserved 1048576K
}
Event: 82.761 GC heap after
{Heap after GC invocations=16 (full 0):
 garbage-first heap   total 381952K, used 281470K [0x0000000081400000, 0x0000000100000000)
  region size 1024K, 1 young (1024K), 1 survivors (1024K)
 Metaspace       used 29493K, capacity 30481K, committed 30720K, reserved 1075200K
  class space    used 3599K, capacity 4023K, committed 4096K, reserved 1048576K
}
Event: 170.027 GC heap before
{Heap before GC invocations=17 (full 0):
 garbage-first heap   total 381952K, used 309118K [0x0000000081400000, 0x0000000100000000)
  region size 1024K, 23 young (23552K), 1 survivors (1024K)
 Metaspace       used 31910K, capacity 33118K, committed 33408K, reserved 1079296K
  class space    used 3880K, capacity 4388K, committed 4480K, reserved 1048576K
}
Event: 170.033 GC heap after
{Heap after GC invocations=18 (full 0):
 garbage-first heap   total 381952K, used 289732K [0x0000000081400000, 0x0000000100000000)
  region size 1024K, 3 young (3072K), 3 survivors (3072K)
 Metaspace       used 31910K, capacity 33118K, committed 33408K, reserved 1079296K
  class space    used 3880K, capacity 4388K, committed 4480K, reserved 1048576K
}
Event: 170.096 GC heap before
{Heap before GC invocations=19 (full 0):
 garbage-first heap   total 381952K, used 297924K [0x0000000081400000, 0x0000000100000000)
  region size 1024K, 4 young (4096K), 3 survivors (3072K)
 Metaspace       used 32039K, capacity 33246K, committed 33408K, reserved 1079296K
  class space    used 3909K, capacity 4400K, committed 4480K, reserved 1048576K
}
Event: 170.101 GC heap after
{Heap after GC invocations=20 (full 0):
 garbage-first heap   total 381952K, used 298152K [0x0000000081400000, 0x0000000100000000)
  region size 1024K, 1 young (1024K), 1 survivors (1024K)
 Metaspace       used 32039K, capacity 33246K, committed 33408K, reserved 1079296K
  class space    used 3909K, capacity 4400K, committed 4480K, reserved 1048576K
}
Event: 170.192 GC heap before
{Heap before GC invocations=21 (full 0):
 garbage-first heap   total 381952K, used 309416K [0x0000000081400000, 0x0000000100000000)
  region size 1024K, 3 young (3072K), 1 survivors (1024K)
 Metaspace       used 32096K, capacity 33285K, committed 33408K, reserved 1079296K
  class space    used 3913K, capacity 4407K, committed 4480K, reserved 1048576K
}
Event: 170.194 GC heap after
{Heap after GC invocations=22 (full 0):
 garbage-first heap   total 381952K, used 308419K [0x0000000081400000, 0x0000000100000000)
  region size 1024K, 1 young (1024K), 1 survivors (1024K)
 Metaspace       used 32096K, capacity 33285K, committed 33408K, reserved 1079296K
  class space    used 3913K, capacity 4407K, committed 4480K, reserved 1048576K
}
Event: 170.268 GC heap before
{Heap before GC invocations=23 (full 0):
 garbage-first heap   total 381952K, used 317635K [0x0000000081400000, 0x0000000100000000)
  region size 1024K, 3 young (3072K), 1 survivors (1024K)
 Metaspace       used 32146K, capacity 33423K, committed 33664K, reserved 1079296K
  class space    used 3914K, capacity 4409K, committed 4480K, reserved 1048576K
}
Event: 170.270 GC heap after
{Heap after GC invocations=24 (full 0):
 garbage-first heap   total 381952K, used 316889K [0x0000000081400000, 0x0000000100000000)
  region size 1024K, 1 young (1024K), 1 survivors (1024K)
 Metaspace       used 32146K, capacity 33423K, committed 33664K, reserved 1079296K
  class space    used 3914K, capacity 4409K, committed 4480K, reserved 1048576K
}
Event: 170.657 GC heap before
{Heap before GC invocations=25 (full 0):
 garbage-first heap   total 381952K, used 346585K [0x0000000081400000, 0x0000000100000000)
  region size 1024K, 18 young (18432K), 1 survivors (1024K)
 Metaspace       used 32781K, capacity 34071K, committed 34304K, reserved 1079296K
  class space    used 4002K, capacity 4538K, committed 4608K, reserved 1048576K
}
Event: 170.666 GC heap after
{Heap after GC invocations=26 (full 0):
 garbage-first heap   total 381952K, used 331545K [0x0000000081400000, 0x0000000100000000)
  region size 1024K, 3 young (3072K), 3 survivors (3072K)
 Metaspace       used 32781K, capacity 34071K, committed 34304K, reserved 1079296K
  class space    used 4002K, capacity 4538K, committed 4608K, reserved 1048576K
}
Event: 190.745 GC heap before
{Heap before GC invocations=26 (full 0):
 garbage-first heap   total 381952K, used 345881K [0x0000000081400000, 0x0000000100000000)
  region size 1024K, 18 young (18432K), 3 survivors (3072K)
 Metaspace       used 33376K, capacity 34696K, committed 34816K, reserved 1079296K
  class space    used 4043K, capacity 4594K, committed 4608K, reserved 1048576K
}
Event: 190.765 GC heap after
{Heap after GC invocations=27 (full 0):
 garbage-first heap   total 381952K, used 335048K [0x0000000081400000, 0x0000000100000000)
  region size 1024K, 3 young (3072K), 3 survivors (3072K)
 Metaspace       used 33376K, capacity 34696K, committed 34816K, reserved 1079296K
  class space    used 4043K, capacity 4594K, committed 4608K, reserved 1048576K
}
Event: 287.187 GC heap before
{Heap before GC invocations=28 (full 0):
 garbage-first heap   total 381952K, used 349384K [0x0000000081400000, 0x0000000100000000)
  region size 1024K, 18 young (18432K), 3 survivors (3072K)
 Metaspace       used 33506K, capacity 34849K, committed 35072K, reserved 1079296K
  class space    used 4049K, capacity 4604K, committed 4608K, reserved 1048576K
}
Event: 287.195 GC heap after
{Heap after GC invocations=29 (full 0):
 garbage-first heap   total 381952K, used 336060K [0x0000000081400000, 0x0000000100000000)
  region size 1024K, 1 young (1024K), 1 survivors (1024K)
 Metaspace       used 33506K, capacity 34849K, committed 35072K, reserved 1079296K
  class space    used 4049K, capacity 4604K, committed 4608K, reserved 1048576K
}

