# JRE version: OpenJDK Runtime Environment Corretto-11.0.23.9.1 (11.0.23+9) (build 11.0.23+9-LTS)
# Java VM: OpenJDK 64-Bit Server VM Corretto-11.0.23.9.1 (11.0.23+9-LTS, mixed mode, tiered, compressed oops, g1 gc, windows-amd64)
Heap:
 garbage-first heap   total 415744K, used 360249K [0x0000000081400000, 0x0000000100000000)
  region size 1024K, 4 young (4096K), 3 survivors (3072K)
 Metaspace       used 40418K, capacity 41847K, committed 42496K, reserved 1087488K
  class space    used 4579K, capacity 5160K, committed 5376K, reserved 1048576K
GC Heap History (20 events):
Event: 1133.829 GC heap before
{Heap before GC invocations=58 (full 0):
 garbage-first heap   total 407552K, used 355444K [0x0000000081400000, 0x0000000100000000)
  region size 1024K, 8 young (8192K), 3 survivors (3072K)
 Metaspace       used 38399K, capacity 39931K, committed 40064K, reserved 1083392K
  class space    used 4489K, capacity 5132K, committed 5248K, reserved 1048576K
}
Event: 1133.840 GC heap after
{Heap after GC invocations=59 (full 0):
 garbage-first heap   total 407552K, used 352426K [0x0000000081400000, 0x0000000100000000)
  region size 1024K, 1 young (1024K), 1 survivors (1024K)
 Metaspace       used 38399K, capacity 39931K, committed 40064K, reserved 1083392K
  class space    used 4489K, capacity 5132K, committed 5248K, reserved 1048576K
}
Event: 1133.991 GC heap before
{Heap before GC invocations=60 (full 0):
 garbage-first heap   total 407552K, used 374954K [0x0000000081400000, 0x0000000100000000)
  region size 1024K, 4 young (4096K), 1 survivors (1024K)
 Metaspace       used 38431K, capacity 39961K, committed 40320K, reserved 1085440K
  class space    used 4492K, capacity 5137K, committed 5248K, reserved 1048576K
}
Event: 1133.997 GC heap after
{Heap after GC invocations=61 (full 0):
 garbage-first heap   total 407552K, used 372946K [0x0000000081400000, 0x0000000100000000)
  region size 1024K, 1 young (1024K), 1 survivors (1024K)
 Metaspace       used 38431K, capacity 39961K, committed 40320K, reserved 1085440K
  class space    used 4492K, capacity 5137K, committed 5248K, reserved 1048576K
}
Event: 1134.238 GC heap before
{Heap before GC invocations=62 (full 0):
 garbage-first heap   total 407552K, used 406738K [0x0000000081400000, 0x0000000100000000)
  region size 1024K, 12 young (12288K), 1 survivors (1024K)
 Metaspace       used 38477K, capacity 40037K, committed 40320K, reserved 1085440K
  class space    used 4493K, capacity 5139K, committed 5248K, reserved 1048576K
}
Event: 1134.246 GC heap after
{Heap after GC invocations=63 (full 0):
 garbage-first heap   total 410624K, used 397283K [0x0000000081400000, 0x0000000100000000)
  region size 1024K, 3 young (3072K), 3 survivors (3072K)
 Metaspace       used 38477K, capacity 40037K, committed 40320K, reserved 1085440K
  class space    used 4493K, capacity 5139K, committed 5248K, reserved 1048576K
}
Event: 1134.371 GC heap before
{Heap before GC invocations=63 (full 0):
 garbage-first heap   total 410624K, used 408547K [0x0000000081400000, 0x0000000100000000)
  region size 1024K, 15 young (15360K), 3 survivors (3072K)
 Metaspace       used 38507K, capacity 40040K, committed 40320K, reserved 1085440K
  class space    used 4493K, capacity 5139K, committed 5248K, reserved 1048576K
}
Event: 1134.402 GC heap after
{Heap after GC invocations=64 (full 0):
 garbage-first heap   total 415744K, used 399625K [0x0000000081400000, 0x0000000100000000)
  region size 1024K, 3 young (3072K), 3 survivors (3072K)
 Metaspace       used 38507K, capacity 40040K, committed 40320K, reserved 1085440K
  class space    used 4493K, capacity 5139K, committed 5248K, reserved 1048576K
}
Event: 1428.938 GC heap before
{Heap before GC invocations=65 (full 0):
 garbage-first heap   total 415744K, used 373001K [0x0000000081400000, 0x0000000100000000)
  region size 1024K, 20 young (20480K), 3 survivors (3072K)
 Metaspace       used 38609K, capacity 40108K, committed 40320K, reserved 1085440K
  class space    used 4495K, capacity 5139K, committed 5248K, reserved 1048576K
}
Event: 1428.949 GC heap after
{Heap after GC invocations=66 (full 0):
 garbage-first heap   total 415744K, used 357693K [0x0000000081400000, 0x0000000100000000)
  region size 1024K, 3 young (3072K), 3 survivors (3072K)
 Metaspace       used 38609K, capacity 40108K, committed 40320K, reserved 1085440K
  class space    used 4495K, capacity 5139K, committed 5248K, reserved 1048576K
}
Event: 1540.091 GC heap before
{Heap before GC invocations=66 (full 0):
 garbage-first heap   total 415744K, used 375101K [0x0000000081400000, 0x0000000100000000)
  region size 1024K, 20 young (20480K), 3 survivors (3072K)
 Metaspace       used 38716K, capacity 40303K, committed 40576K, reserved 1085440K
  class space    used 4495K, capacity 5139K, committed 5248K, reserved 1048576K
}
Event: 1540.107 GC heap after
{Heap after GC invocations=67 (full 0):
 garbage-first heap   total 415744K, used 358315K [0x0000000081400000, 0x0000000100000000)
  region size 1024K, 1 young (1024K), 1 survivors (1024K)
 Metaspace       used 38716K, capacity 40303K, committed 40576K, reserved 1085440K
  class space    used 4495K, capacity 5139K, committed 5248K, reserved 1048576K
}
Event: 1561.486 GC heap before
{Heap before GC invocations=68 (full 0):
 garbage-first heap   total 415744K, used 377771K [0x0000000081400000, 0x0000000100000000)
  region size 1024K, 20 young (20480K), 1 survivors (1024K)
 Metaspace       used 38759K, capacity 40303K, committed 40576K, reserved 1085440K
  class space    used 4495K, capacity 5139K, committed 5248K, reserved 1048576K
}
Event: 1561.499 GC heap after
{Heap after GC invocations=69 (full 0):
 garbage-first heap   total 415744K, used 358845K [0x0000000081400000, 0x0000000100000000)
  region size 1024K, 2 young (2048K), 2 survivors (2048K)
 Metaspace       used 38759K, capacity 40303K, committed 40576K, reserved 1085440K
  class space    used 4495K, capacity 5139K, committed 5248K, reserved 1048576K
}
Event: 1725.121 GC heap before
{Heap before GC invocations=69 (full 0):
 garbage-first heap   total 415744K, used 377277K [0x0000000081400000, 0x0000000100000000)
  region size 1024K, 20 young (20480K), 2 survivors (2048K)
 Metaspace       used 38888K, capacity 40431K, committed 40576K, reserved 1085440K
  class space    used 4501K, capacity 5139K, committed 5248K, reserved 1048576K
}
Event: 1725.132 GC heap after
{Heap after GC invocations=70 (full 0):
 garbage-first heap   total 415744K, used 358949K [0x0000000081400000, 0x0000000100000000)
  region size 1024K, 2 young (2048K), 2 survivors (2048K)
 Metaspace       used 38888K, capacity 40431K, committed 40576K, reserved 1085440K
  class space    used 4501K, capacity 5139K, committed 5248K, reserved 1048576K
}
Event: 1808.079 GC heap before
{Heap before GC invocations=71 (full 0):
 garbage-first heap   total 415744K, used 377381K [0x0000000081400000, 0x0000000100000000)
  region size 1024K, 20 young (20480K), 2 survivors (2048K)
 Metaspace       used 38765K, capacity 40163K, committed 40832K, reserved 1085440K
  class space    used 4442K, capacity 5024K, committed 5248K, reserved 1048576K
}
Event: 1808.094 GC heap after
{Heap after GC invocations=72 (full 0):
 garbage-first heap   total 415744K, used 359357K [0x0000000081400000, 0x0000000100000000)
  region size 1024K, 2 young (2048K), 2 survivors (2048K)
 Metaspace       used 38765K, capacity 40163K, committed 40832K, reserved 1085440K
  class space    used 4442K, capacity 5024K, committed 5248K, reserved 1048576K
}
Event: 1862.925 GC heap before
{Heap before GC invocations=72 (full 0):
 garbage-first heap   total 415744K, used 377789K [0x0000000081400000, 0x0000000100000000)
  region size 1024K, 20 young (20480K), 2 survivors (2048K)
 Metaspace       used 40470K, capacity 41938K, committed 42496K, reserved 1087488K
  class space    used 4593K, capacity 5188K, committed 5376K, reserved 1048576K
}
Event: 1862.939 GC heap after
{Heap after GC invocations=73 (full 0):
 garbage-first heap   total 415744K, used 360249K [0x0000000081400000, 0x0000000100000000)
  region size 1024K, 3 young (3072K), 3 survivors (3072K)
 Metaspace       used 40470K, capacity 41938K, committed 42496K, reserved 1087488K
  class space    used 4593K, capacity 5188K, committed 5376K, reserved 1048576K
}

